<?xml version="1.0" encoding="UTF-8"?>
<testsuite name="com.example.project.TestTriangle" tests="3" skipped="0" failures="0" errors="0" timestamp="2025-01-09T13:58:57" hostname="codespaces-181ad5" time="0.042">
  <properties/>
  <testcase name="testConstructorAndGetVertices()" classname="com.example.project.TestTriangle" time="0.002"/>
  <testcase name="testTriangleInfo()" classname="com.example.project.TestTriangle" time="0.03"/>
  <testcase name="testPerimeter()" classname="com.example.project.TestTriangle" time="0.002"/>
  <system-out><![CDATA[]]></system-out>
  <system-err><![CDATA[]]></system-err>
</testsuite>
