<?xml version="1.0" encoding="UTF-8"?>
<testsuite name="com.example.project.TestHorseBarn" tests="3" skipped="0" failures="0" errors="0" timestamp="2025-01-15T14:14:01" hostname="codespaces-181ad5" time="0.023">
  <properties/>
  <testcase name="testHorseBarnConstructorAndGetStalls()" classname="com.example.project.TestHorseBarn" time="0.006"/>
  <testcase name="testPlaceHorseAndFindHorseStall()" classname="com.example.project.TestHorseBarn" time="0.006"/>
  <testcase name="testConsolidate()" classname="com.example.project.TestHorseBarn" time="0.001"/>
  <system-out><![CDATA[]]></system-out>
  <system-err><![CDATA[]]></system-err>
</testsuite>
